<?xml version="1.0" encoding="UTF-8"?>
<testsuite xmlns:xsi="http://www.w3.org/2001/XMLSchema-instance" xsi:noNamespaceSchemaLocation="https://maven.apache.org/surefire/maven-surefire-plugin/xsd/surefire-test-report.xsd" name="org.test.TestRunner" time="0.356" tests="0" errors="0" skipped="0" failures="0">
  <properties>
    <property name="sun.desktop" value="windows"/>
    <property name="awt.toolkit" value="sun.awt.windows.WToolkit"/>
    <property name="file.encoding.pkg" value="sun.io"/>
    <property name="java.specification.version" value="1.8"/>
    <property name="sun.cpu.isalist" value="amd64"/>
    <property name="sun.jnu.encoding" value="MS950"/>
    <property name="java.class.path" value="C:\Users\tamsa\Downloads\weather\weather\target\test-classes;C:\Users\tamsa\Downloads\weather\weather\target\classes;C:\Users\tamsa\.m2\repository\io\appium\java-client\7.4.0\java-client-7.4.0.jar;C:\Users\tamsa\.m2\repository\org\seleniumhq\selenium\selenium-java\3.141.59\selenium-java-3.141.59.jar;C:\Users\tamsa\.m2\repository\org\seleniumhq\selenium\selenium-chrome-driver\3.141.59\selenium-chrome-driver-3.141.59.jar;C:\Users\tamsa\.m2\repository\org\seleniumhq\selenium\selenium-edge-driver\3.141.59\selenium-edge-driver-3.141.59.jar;C:\Users\tamsa\.m2\repository\org\seleniumhq\selenium\selenium-firefox-driver\3.141.59\selenium-firefox-driver-3.141.59.jar;C:\Users\tamsa\.m2\repository\org\seleniumhq\selenium\selenium-ie-driver\3.141.59\selenium-ie-driver-3.141.59.jar;C:\Users\tamsa\.m2\repository\org\seleniumhq\selenium\selenium-opera-driver\3.141.59\selenium-opera-driver-3.141.59.jar;C:\Users\tamsa\.m2\repository\org\seleniumhq\selenium\selenium-remote-driver\3.141.59\selenium-remote-driver-3.141.59.jar;C:\Users\tamsa\.m2\repository\org\seleniumhq\selenium\selenium-safari-driver\3.141.59\selenium-safari-driver-3.141.59.jar;C:\Users\tamsa\.m2\repository\net\bytebuddy\byte-buddy\1.8.15\byte-buddy-1.8.15.jar;C:\Users\tamsa\.m2\repository\org\apache\commons\commons-exec\1.3\commons-exec-1.3.jar;C:\Users\tamsa\.m2\repository\com\google\guava\guava\25.0-jre\guava-25.0-jre.jar;C:\Users\tamsa\.m2\repository\com\google\code\findbugs\jsr305\1.3.9\jsr305-1.3.9.jar;C:\Users\tamsa\.m2\repository\org\checkerframework\checker-compat-qual\2.0.0\checker-compat-qual-2.0.0.jar;C:\Users\tamsa\.m2\repository\com\google\errorprone\error_prone_annotations\2.1.3\error_prone_annotations-2.1.3.jar;C:\Users\tamsa\.m2\repository\com\google\j2objc\j2objc-annotations\1.1\j2objc-annotations-1.1.jar;C:\Users\tamsa\.m2\repository\org\codehaus\mojo\animal-sniffer-annotations\1.14\animal-sniffer-annotations-1.14.jar;C:\Users\tamsa\.m2\repository\com\squareup\okhttp3\okhttp\3.11.0\okhttp-3.11.0.jar;C:\Users\tamsa\.m2\repository\com\squareup\okio\okio\1.14.0\okio-1.14.0.jar;C:\Users\tamsa\.m2\repository\org\seleniumhq\selenium\selenium-support\3.141.59\selenium-support-3.141.59.jar;C:\Users\tamsa\.m2\repository\org\seleniumhq\selenium\selenium-api\3.141.59\selenium-api-3.141.59.jar;C:\Users\tamsa\.m2\repository\com\google\code\gson\gson\2.8.6\gson-2.8.6.jar;C:\Users\tamsa\.m2\repository\org\apache\httpcomponents\httpclient\4.5.13\httpclient-4.5.13.jar;C:\Users\tamsa\.m2\repository\org\apache\httpcomponents\httpcore\4.4.13\httpcore-4.4.13.jar;C:\Users\tamsa\.m2\repository\commons-logging\commons-logging\1.2\commons-logging-1.2.jar;C:\Users\tamsa\.m2\repository\commons-codec\commons-codec\1.11\commons-codec-1.11.jar;C:\Users\tamsa\.m2\repository\cglib\cglib\3.3.0\cglib-3.3.0.jar;C:\Users\tamsa\.m2\repository\org\ow2\asm\asm\7.1\asm-7.1.jar;C:\Users\tamsa\.m2\repository\commons-validator\commons-validator\1.7\commons-validator-1.7.jar;C:\Users\tamsa\.m2\repository\commons-beanutils\commons-beanutils\1.9.4\commons-beanutils-1.9.4.jar;C:\Users\tamsa\.m2\repository\commons-digester\commons-digester\2.1\commons-digester-2.1.jar;C:\Users\tamsa\.m2\repository\org\apache\commons\commons-lang3\3.11\commons-lang3-3.11.jar;C:\Users\tamsa\.m2\repository\commons-io\commons-io\2.8.0\commons-io-2.8.0.jar;C:\Users\tamsa\.m2\repository\org\springframework\spring-context\5.3.0\spring-context-5.3.0.jar;C:\Users\tamsa\.m2\repository\org\springframework\spring-aop\5.3.0\spring-aop-5.3.0.jar;C:\Users\tamsa\.m2\repository\org\springframework\spring-beans\5.3.0\spring-beans-5.3.0.jar;C:\Users\tamsa\.m2\repository\org\springframework\spring-core\5.3.0\spring-core-5.3.0.jar;C:\Users\tamsa\.m2\repository\org\springframework\spring-jcl\5.3.0\spring-jcl-5.3.0.jar;C:\Users\tamsa\.m2\repository\org\springframework\spring-expression\5.3.0\spring-expression-5.3.0.jar;C:\Users\tamsa\.m2\repository\org\aspectj\aspectjweaver\1.9.6\aspectjweaver-1.9.6.jar;C:\Users\tamsa\.m2\repository\org\slf4j\slf4j-api\1.7.30\slf4j-api-1.7.30.jar;C:\Users\tamsa\.m2\repository\org\slf4j\slf4j-simple\1.7.30\slf4j-simple-1.7.30.jar;C:\Users\tamsa\.m2\repository\io\cucumber\cucumber-junit\6.9.0\cucumber-junit-6.9.0.jar;C:\Users\tamsa\.m2\repository\org\apiguardian\apiguardian-api\1.1.0\apiguardian-api-1.1.0.jar;C:\Users\tamsa\.m2\repository\junit\junit\4.13.1\junit-4.13.1.jar;C:\Users\tamsa\.m2\repository\org\hamcrest\hamcrest-core\1.3\hamcrest-core-1.3.jar;C:\Users\tamsa\.m2\repository\io\cucumber\cucumber-java\6.9.0\cucumber-java-6.9.0.jar;C:\Users\tamsa\.m2\repository\io\cucumber\cucumber-testng\6.9.0\cucumber-testng-6.9.0.jar;C:\Users\tamsa\.m2\repository\org\testng\testng\7.3.0\testng-7.3.0.jar;C:\Users\tamsa\.m2\repository\com\beust\jcommander\1.78\jcommander-1.78.jar;C:\Users\tamsa\.m2\repository\org\apache\ant\ant\1.10.3\ant-1.10.3.jar;C:\Users\tamsa\.m2\repository\org\apache\ant\ant-launcher\1.10.3\ant-launcher-1.10.3.jar;C:\Users\tamsa\.m2\repository\com\google\inject\guice\4.2.2\guice-4.2.2-no_aop.jar;C:\Users\tamsa\.m2\repository\javax\inject\javax.inject\1\javax.inject-1.jar;C:\Users\tamsa\.m2\repository\aopalliance\aopalliance\1.0\aopalliance-1.0.jar;C:\Users\tamsa\.m2\repository\org\yaml\snakeyaml\1.21\snakeyaml-1.21.jar;C:\Users\tamsa\.m2\repository\io\cucumber\cucumber-core\6.9.0\cucumber-core-6.9.0.jar;C:\Users\tamsa\.m2\repository\io\cucumber\cucumber-gherkin\6.9.0\cucumber-gherkin-6.9.0.jar;C:\Users\tamsa\.m2\repository\io\cucumber\cucumber-gherkin-messages\6.9.0\cucumber-gherkin-messages-6.9.0.jar;C:\Users\tamsa\.m2\repository\io\cucumber\messages\13.2.0\messages-13.2.0.jar;C:\Users\tamsa\.m2\repository\io\cucumber\tag-expressions\3.0.0\tag-expressions-3.0.0.jar;C:\Users\tamsa\.m2\repository\io\cucumber\cucumber-expressions\10.3.0\cucumber-expressions-10.3.0.jar;C:\Users\tamsa\.m2\repository\io\cucumber\datatable\3.5.0\datatable-3.5.0.jar;C:\Users\tamsa\.m2\repository\io\cucumber\cucumber-plugin\6.9.0\cucumber-plugin-6.9.0.jar;C:\Users\tamsa\.m2\repository\io\cucumber\docstring\6.9.0\docstring-6.9.0.jar;C:\Users\tamsa\.m2\repository\io\cucumber\html-formatter\9.0.0\html-formatter-9.0.0.jar;C:\Users\tamsa\.m2\repository\io\cucumber\create-meta\2.0.4\create-meta-2.0.4.jar;C:\Users\tamsa\.m2\repository\net\masterthought\cucumber-reporting\5.4.0\cucumber-reporting-5.4.0.jar;C:\Users\tamsa\.m2\repository\com\fasterxml\jackson\core\jackson-databind\2.10.1\jackson-databind-2.10.1.jar;C:\Users\tamsa\.m2\repository\com\fasterxml\jackson\core\jackson-annotations\2.10.1\jackson-annotations-2.10.1.jar;C:\Users\tamsa\.m2\repository\com\fasterxml\jackson\core\jackson-core\2.10.1\jackson-core-2.10.1.jar;C:\Users\tamsa\.m2\repository\com\fasterxml\jackson\datatype\jackson-datatype-jsr310\2.10.1\jackson-datatype-jsr310-2.10.1.jar;C:\Users\tamsa\.m2\repository\org\apache\velocity\velocity-engine-core\2.1\velocity-engine-core-2.1.jar;C:\Users\tamsa\.m2\repository\commons-collections\commons-collections\3.2.2\commons-collections-3.2.2.jar;C:\Users\tamsa\.m2\repository\joda-time\joda-time\2.10.5\joda-time-2.10.5.jar;C:\Users\tamsa\.m2\repository\org\codehaus\plexus\plexus-utils\3.3.0\plexus-utils-3.3.0.jar;C:\Users\tamsa\.m2\repository\org\jsoup\jsoup\1.12.1\jsoup-1.12.1.jar;C:\Users\tamsa\.m2\repository\com\googlecode\owasp-java-html-sanitizer\owasp-java-html-sanitizer\20191001.1\owasp-java-html-sanitizer-20191001.1.jar;C:\Users\tamsa\.m2\repository\commons-configuration\commons-configuration\1.10\commons-configuration-1.10.jar;C:\Users\tamsa\.m2\repository\commons-lang\commons-lang\2.6\commons-lang-2.6.jar;"/>
    <property name="java.vm.vendor" value="Oracle Corporation"/>
    <property name="sun.arch.data.model" value="64"/>
    <property name="user.variant" value=""/>
    <property name="java.vendor.url" value="http://java.oracle.com/"/>
    <property name="user.timezone" value="Asia/Shanghai"/>
    <property name="java.vm.specification.version" value="1.8"/>
    <property name="os.name" value="Windows 11"/>
    <property name="user.country" value="TW"/>
    <property name="sun.java.launcher" value="SUN_STANDARD"/>
    <property name="sun.boot.library.path" value="C:\Program Files\Java\jdk-1.8\jre\bin"/>
    <property name="sun.java.command" value="C:\Users\tamsa\AppData\Local\Temp\surefire3404981864891226363\surefirebooter2372426570695346855.jar C:\Users\tamsa\AppData\Local\Temp\surefire3404981864891226363 2025-02-28T16-28-20_639-jvmRun1 surefire6798403571646317712tmp surefire_02560961707259788275tmp"/>
    <property name="surefire.test.class.path" value="C:\Users\tamsa\Downloads\weather\weather\target\test-classes;C:\Users\tamsa\Downloads\weather\weather\target\classes;C:\Users\tamsa\.m2\repository\io\appium\java-client\7.4.0\java-client-7.4.0.jar;C:\Users\tamsa\.m2\repository\org\seleniumhq\selenium\selenium-java\3.141.59\selenium-java-3.141.59.jar;C:\Users\tamsa\.m2\repository\org\seleniumhq\selenium\selenium-chrome-driver\3.141.59\selenium-chrome-driver-3.141.59.jar;C:\Users\tamsa\.m2\repository\org\seleniumhq\selenium\selenium-edge-driver\3.141.59\selenium-edge-driver-3.141.59.jar;C:\Users\tamsa\.m2\repository\org\seleniumhq\selenium\selenium-firefox-driver\3.141.59\selenium-firefox-driver-3.141.59.jar;C:\Users\tamsa\.m2\repository\org\seleniumhq\selenium\selenium-ie-driver\3.141.59\selenium-ie-driver-3.141.59.jar;C:\Users\tamsa\.m2\repository\org\seleniumhq\selenium\selenium-opera-driver\3.141.59\selenium-opera-driver-3.141.59.jar;C:\Users\tamsa\.m2\repository\org\seleniumhq\selenium\selenium-remote-driver\3.141.59\selenium-remote-driver-3.141.59.jar;C:\Users\tamsa\.m2\repository\org\seleniumhq\selenium\selenium-safari-driver\3.141.59\selenium-safari-driver-3.141.59.jar;C:\Users\tamsa\.m2\repository\net\bytebuddy\byte-buddy\1.8.15\byte-buddy-1.8.15.jar;C:\Users\tamsa\.m2\repository\org\apache\commons\commons-exec\1.3\commons-exec-1.3.jar;C:\Users\tamsa\.m2\repository\com\google\guava\guava\25.0-jre\guava-25.0-jre.jar;C:\Users\tamsa\.m2\repository\com\google\code\findbugs\jsr305\1.3.9\jsr305-1.3.9.jar;C:\Users\tamsa\.m2\repository\org\checkerframework\checker-compat-qual\2.0.0\checker-compat-qual-2.0.0.jar;C:\Users\tamsa\.m2\repository\com\google\errorprone\error_prone_annotations\2.1.3\error_prone_annotations-2.1.3.jar;C:\Users\tamsa\.m2\repository\com\google\j2objc\j2objc-annotations\1.1\j2objc-annotations-1.1.jar;C:\Users\tamsa\.m2\repository\org\codehaus\mojo\animal-sniffer-annotations\1.14\animal-sniffer-annotations-1.14.jar;C:\Users\tamsa\.m2\repository\com\squareup\okhttp3\okhttp\3.11.0\okhttp-3.11.0.jar;C:\Users\tamsa\.m2\repository\com\squareup\okio\okio\1.14.0\okio-1.14.0.jar;C:\Users\tamsa\.m2\repository\org\seleniumhq\selenium\selenium-support\3.141.59\selenium-support-3.141.59.jar;C:\Users\tamsa\.m2\repository\org\seleniumhq\selenium\selenium-api\3.141.59\selenium-api-3.141.59.jar;C:\Users\tamsa\.m2\repository\com\google\code\gson\gson\2.8.6\gson-2.8.6.jar;C:\Users\tamsa\.m2\repository\org\apache\httpcomponents\httpclient\4.5.13\httpclient-4.5.13.jar;C:\Users\tamsa\.m2\repository\org\apache\httpcomponents\httpcore\4.4.13\httpcore-4.4.13.jar;C:\Users\tamsa\.m2\repository\commons-logging\commons-logging\1.2\commons-logging-1.2.jar;C:\Users\tamsa\.m2\repository\commons-codec\commons-codec\1.11\commons-codec-1.11.jar;C:\Users\tamsa\.m2\repository\cglib\cglib\3.3.0\cglib-3.3.0.jar;C:\Users\tamsa\.m2\repository\org\ow2\asm\asm\7.1\asm-7.1.jar;C:\Users\tamsa\.m2\repository\commons-validator\commons-validator\1.7\commons-validator-1.7.jar;C:\Users\tamsa\.m2\repository\commons-beanutils\commons-beanutils\1.9.4\commons-beanutils-1.9.4.jar;C:\Users\tamsa\.m2\repository\commons-digester\commons-digester\2.1\commons-digester-2.1.jar;C:\Users\tamsa\.m2\repository\org\apache\commons\commons-lang3\3.11\commons-lang3-3.11.jar;C:\Users\tamsa\.m2\repository\commons-io\commons-io\2.8.0\commons-io-2.8.0.jar;C:\Users\tamsa\.m2\repository\org\springframework\spring-context\5.3.0\spring-context-5.3.0.jar;C:\Users\tamsa\.m2\repository\org\springframework\spring-aop\5.3.0\spring-aop-5.3.0.jar;C:\Users\tamsa\.m2\repository\org\springframework\spring-beans\5.3.0\spring-beans-5.3.0.jar;C:\Users\tamsa\.m2\repository\org\springframework\spring-core\5.3.0\spring-core-5.3.0.jar;C:\Users\tamsa\.m2\repository\org\springframework\spring-jcl\5.3.0\spring-jcl-5.3.0.jar;C:\Users\tamsa\.m2\repository\org\springframework\spring-expression\5.3.0\spring-expression-5.3.0.jar;C:\Users\tamsa\.m2\repository\org\aspectj\aspectjweaver\1.9.6\aspectjweaver-1.9.6.jar;C:\Users\tamsa\.m2\repository\org\slf4j\slf4j-api\1.7.30\slf4j-api-1.7.30.jar;C:\Users\tamsa\.m2\repository\org\slf4j\slf4j-simple\1.7.30\slf4j-simple-1.7.30.jar;C:\Users\tamsa\.m2\repository\io\cucumber\cucumber-junit\6.9.0\cucumber-junit-6.9.0.jar;C:\Users\tamsa\.m2\repository\org\apiguardian\apiguardian-api\1.1.0\apiguardian-api-1.1.0.jar;C:\Users\tamsa\.m2\repository\junit\junit\4.13.1\junit-4.13.1.jar;C:\Users\tamsa\.m2\repository\org\hamcrest\hamcrest-core\1.3\hamcrest-core-1.3.jar;C:\Users\tamsa\.m2\repository\io\cucumber\cucumber-java\6.9.0\cucumber-java-6.9.0.jar;C:\Users\tamsa\.m2\repository\io\cucumber\cucumber-testng\6.9.0\cucumber-testng-6.9.0.jar;C:\Users\tamsa\.m2\repository\org\testng\testng\7.3.0\testng-7.3.0.jar;C:\Users\tamsa\.m2\repository\com\beust\jcommander\1.78\jcommander-1.78.jar;C:\Users\tamsa\.m2\repository\org\apache\ant\ant\1.10.3\ant-1.10.3.jar;C:\Users\tamsa\.m2\repository\org\apache\ant\ant-launcher\1.10.3\ant-launcher-1.10.3.jar;C:\Users\tamsa\.m2\repository\com\google\inject\guice\4.2.2\guice-4.2.2-no_aop.jar;C:\Users\tamsa\.m2\repository\javax\inject\javax.inject\1\javax.inject-1.jar;C:\Users\tamsa\.m2\repository\aopalliance\aopalliance\1.0\aopalliance-1.0.jar;C:\Users\tamsa\.m2\repository\org\yaml\snakeyaml\1.21\snakeyaml-1.21.jar;C:\Users\tamsa\.m2\repository\io\cucumber\cucumber-core\6.9.0\cucumber-core-6.9.0.jar;C:\Users\tamsa\.m2\repository\io\cucumber\cucumber-gherkin\6.9.0\cucumber-gherkin-6.9.0.jar;C:\Users\tamsa\.m2\repository\io\cucumber\cucumber-gherkin-messages\6.9.0\cucumber-gherkin-messages-6.9.0.jar;C:\Users\tamsa\.m2\repository\io\cucumber\messages\13.2.0\messages-13.2.0.jar;C:\Users\tamsa\.m2\repository\io\cucumber\tag-expressions\3.0.0\tag-expressions-3.0.0.jar;C:\Users\tamsa\.m2\repository\io\cucumber\cucumber-expressions\10.3.0\cucumber-expressions-10.3.0.jar;C:\Users\tamsa\.m2\repository\io\cucumber\datatable\3.5.0\datatable-3.5.0.jar;C:\Users\tamsa\.m2\repository\io\cucumber\cucumber-plugin\6.9.0\cucumber-plugin-6.9.0.jar;C:\Users\tamsa\.m2\repository\io\cucumber\docstring\6.9.0\docstring-6.9.0.jar;C:\Users\tamsa\.m2\repository\io\cucumber\html-formatter\9.0.0\html-formatter-9.0.0.jar;C:\Users\tamsa\.m2\repository\io\cucumber\create-meta\2.0.4\create-meta-2.0.4.jar;C:\Users\tamsa\.m2\repository\net\masterthought\cucumber-reporting\5.4.0\cucumber-reporting-5.4.0.jar;C:\Users\tamsa\.m2\repository\com\fasterxml\jackson\core\jackson-databind\2.10.1\jackson-databind-2.10.1.jar;C:\Users\tamsa\.m2\repository\com\fasterxml\jackson\core\jackson-annotations\2.10.1\jackson-annotations-2.10.1.jar;C:\Users\tamsa\.m2\repository\com\fasterxml\jackson\core\jackson-core\2.10.1\jackson-core-2.10.1.jar;C:\Users\tamsa\.m2\repository\com\fasterxml\jackson\datatype\jackson-datatype-jsr310\2.10.1\jackson-datatype-jsr310-2.10.1.jar;C:\Users\tamsa\.m2\repository\org\apache\velocity\velocity-engine-core\2.1\velocity-engine-core-2.1.jar;C:\Users\tamsa\.m2\repository\commons-collections\commons-collections\3.2.2\commons-collections-3.2.2.jar;C:\Users\tamsa\.m2\repository\joda-time\joda-time\2.10.5\joda-time-2.10.5.jar;C:\Users\tamsa\.m2\repository\org\codehaus\plexus\plexus-utils\3.3.0\plexus-utils-3.3.0.jar;C:\Users\tamsa\.m2\repository\org\jsoup\jsoup\1.12.1\jsoup-1.12.1.jar;C:\Users\tamsa\.m2\repository\com\googlecode\owasp-java-html-sanitizer\owasp-java-html-sanitizer\20191001.1\owasp-java-html-sanitizer-20191001.1.jar;C:\Users\tamsa\.m2\repository\commons-configuration\commons-configuration\1.10\commons-configuration-1.10.jar;C:\Users\tamsa\.m2\repository\commons-lang\commons-lang\2.6\commons-lang-2.6.jar;"/>
    <property name="sun.cpu.endian" value="little"/>
    <property name="user.home" value="C:\Users\tamsa"/>
    <property name="user.language" value="zh"/>
    <property name="java.specification.vendor" value="Oracle Corporation"/>
    <property name="java.home" value="C:\Program Files\Java\jdk-1.8\jre"/>
    <property name="basedir" value="C:\Users\tamsa\Downloads\weather\weather"/>
    <property name="file.separator" value="\"/>
    <property name="line.separator" value="&#10;"/>
    <property name="java.vm.specification.vendor" value="Oracle Corporation"/>
    <property name="java.specification.name" value="Java Platform API Specification"/>
    <property name="java.awt.graphicsenv" value="sun.awt.Win32GraphicsEnvironment"/>
    <property name="surefire.real.class.path" value="C:\Users\tamsa\AppData\Local\Temp\surefire3404981864891226363\surefirebooter2372426570695346855.jar"/>
    <property name="sun.boot.class.path" value="C:\Program Files\Java\jdk-1.8\jre\lib\resources.jar;C:\Program Files\Java\jdk-1.8\jre\lib\rt.jar;C:\Program Files\Java\jdk-1.8\jre\lib\jsse.jar;C:\Program Files\Java\jdk-1.8\jre\lib\jce.jar;C:\Program Files\Java\jdk-1.8\jre\lib\charsets.jar;C:\Program Files\Java\jdk-1.8\jre\lib\jfr.jar;C:\Program Files\Java\jdk-1.8\jre\classes"/>
    <property name="user.script" value=""/>
    <property name="sun.management.compiler" value="HotSpot 64-Bit Tiered Compilers"/>
    <property name="java.runtime.version" value="1.8.0_391-b13"/>
    <property name="user.name" value="tamsa"/>
    <property name="path.separator" value=";"/>
    <property name="os.version" value="10.0"/>
    <property name="java.endorsed.dirs" value="C:\Program Files\Java\jdk-1.8\jre\lib\endorsed"/>
    <property name="java.runtime.name" value="Java(TM) SE Runtime Environment"/>
    <property name="file.encoding" value="MS950"/>
    <property name="java.vm.name" value="Java HotSpot(TM) 64-Bit Server VM"/>
    <property name="localRepository" value="C:\Users\tamsa\.m2\repository"/>
    <property name="java.vendor.url.bug" value="http://bugreport.sun.com/bugreport/"/>
    <property name="java.io.tmpdir" value="C:\Users\tamsa\AppData\Local\Temp\"/>
    <property name="idea.version" value="2023.2.4"/>
    <property name="java.version" value="1.8.0_391"/>
    <property name="user.dir" value="C:\Users\tamsa\Downloads\weather\weather"/>
    <property name="os.arch" value="amd64"/>
    <property name="java.vm.specification.name" value="Java Virtual Machine Specification"/>
    <property name="java.awt.printerjob" value="sun.awt.windows.WPrinterJob"/>
    <property name="sun.os.patch.level" value=""/>
    <property name="java.library.path" value="C:\Program Files\Java\jdk-1.8\jre\bin;C:\WINDOWS\Sun\Java\bin;C:\WINDOWS\system32;C:\WINDOWS;C:\WINDOWS\system32;C:\WINDOWS;C:\WINDOWS\System32\Wbem;C:\WINDOWS\System32\WindowsPowerShell\v1.0\;C:\WINDOWS\System32\OpenSSH\;C:\Program Files (x86)\NVIDIA Corporation\PhysX\Common;C:\Program Files\dotnet\;C:\python3.11.5;C:\python3.11.5\Scripts;C:\python3.11.5\DLLs;C:\python3.11.5\Lib;C:\python3.11.5\libs;C:\Program Files\Java\jdk-17\bin\;C:\Users\test\Downloads\apache-maven-3.9.5-bin\apache-maven-3.9.5\bin\;C:\Program Files\Git\cmd;C:\Program Files\Amazon\AWSCLIV2\;C:\Program Files\NVIDIA Corporation\NVIDIA app\NvDLISR;C:\Program Files\Docker\Docker\resources\bin;C:\Users\tamsa\AppData\Local\Microsoft\WindowsApps;C:\Users\tamsa\AppData\Local\Programs\Microsoft VS Code\bin;C:\Users\tamsa\AppData\Local\GitHubDesktop\bin;C:\Users\tamsa\AppData\Local\Programs\Ollama;;."/>
    <property name="java.vm.info" value="mixed mode"/>
    <property name="java.vendor" value="Oracle Corporation"/>
    <property name="java.vm.version" value="25.391-b13"/>
    <property name="java.specification.maintenance.version" value="5"/>
    <property name="java.ext.dirs" value="C:\Program Files\Java\jdk-1.8\jre\lib\ext;C:\WINDOWS\Sun\Java\lib\ext"/>
    <property name="sun.io.unicode.encoding" value="UnicodeLittle"/>
    <property name="java.class.version" value="52.0"/>
  </properties>
</testsuite>